[2026-04-23T04:33:00.791Z] 🚀 Content Curation Daemon starting...
[2026-04-23T04:33:00.794Z]    Schedule: Mon-Fri 9am ET (America/New_York timezone)
[2026-04-23T04:33:00.794Z]    Duration: 12 months (April 2026 - March 2027)
[2026-04-23T04:33:00.828Z] ✅ Daemon active. Scheduled tasks:
[2026-04-23T04:33:00.829Z]    • Curation: Mon-Fri 9am ET
[2026-04-23T04:33:00.829Z]    • Weekly report: Monday 8am ET
[2026-04-23T04:33:00.829Z]    • Healthcheck: Every hour
[2026-04-23T04:33:00.830Z] 
📊 Monitor: tail -f logs/curation-*.log
[2026-04-23T04:33:00.830Z] 🛑 Stop: Press Ctrl+C

[2026-04-23T04:33:00.832Z] ⚠️  Health server skipped (express not available)
[2026-04-23T05:00:00.959Z] ✓ Daemon alive — 4/23/2026, 1:00:00 AM ET
[2026-04-23T06:00:00.324Z] ✓ Daemon alive — 4/23/2026, 2:00:00 AM ET
[2026-04-23T07:00:00.025Z] ✓ Daemon alive — 4/23/2026, 3:00:00 AM ET
[2026-04-23T08:00:00.220Z] ✓ Daemon alive — 4/23/2026, 4:00:00 AM ET
[2026-04-23T12:00:00.606Z] ✓ Daemon alive — 4/23/2026, 8:00:00 AM ET
[2026-04-23T13:00:00.125Z] ▶️  CURATION TRIGGERED (9am ET)

📝 Curating content for Thursday — thestrategypitch.com
⚠️  No draft found for Thursday
❌ No content piece found for today
[2026-04-23T13:00:00.141Z] ✓ Daemon alive — 4/23/2026, 9:00:00 AM ET
[2026-04-23T14:00:00.765Z] ✓ Daemon alive — 4/23/2026, 10:00:00 AM ET
[2026-04-23T15:00:00.784Z] ✓ Daemon alive — 4/23/2026, 11:00:00 AM ET
[2026-04-23T16:00:00.954Z] ✓ Daemon alive — 4/23/2026, 12:00:00 PM ET
[2026-04-23T17:00:00.604Z] ✓ Daemon alive — 4/23/2026, 1:00:00 PM ET
[2026-04-23T18:00:00.341Z] ✓ Daemon alive — 4/23/2026, 2:00:00 PM ET
[2026-04-23T19:00:00.882Z] ✓ Daemon alive — 4/23/2026, 3:00:00 PM ET
[2026-04-23T20:00:00.691Z] ✓ Daemon alive — 4/23/2026, 4:00:00 PM ET
[2026-04-23T21:00:00.892Z] ✓ Daemon alive — 4/23/2026, 5:00:00 PM ET
[2026-04-23T22:00:00.373Z] ✓ Daemon alive — 4/23/2026, 6:00:00 PM ET
[2026-04-23T23:00:00.900Z] ✓ Daemon alive — 4/23/2026, 7:00:00 PM ET
[2026-04-24T00:00:00.361Z] ✓ Daemon alive — 4/23/2026, 8:00:00 PM ET
[2026-04-24T03:00:00.500Z] ✓ Daemon alive — 4/23/2026, 11:00:00 PM ET
[2026-04-24T04:00:00.473Z] ✓ Daemon alive — 4/24/2026, 12:00:00 AM ET
[2026-04-24T05:00:00.737Z] ✓ Daemon alive — 4/24/2026, 1:00:00 AM ET
[2026-04-24T06:00:00.241Z] ✓ Daemon alive — 4/24/2026, 2:00:00 AM ET
[2026-04-24T07:00:00.672Z] ✓ Daemon alive — 4/24/2026, 3:00:00 AM ET
[2026-04-24T13:00:00.079Z] ▶️  CURATION TRIGGERED (9am ET)

📝 Curating content for Friday — barneslam.co
⚠️  No draft found for Friday
❌ No content piece found for today
[2026-04-24T13:00:00.159Z] ✓ Daemon alive — 4/24/2026, 9:00:00 AM ET
[2026-04-24T14:00:00.517Z] ✓ Daemon alive — 4/24/2026, 10:00:00 AM ET
[2026-04-24T15:00:00.391Z] ✓ Daemon alive — 4/24/2026, 11:00:00 AM ET
[2026-04-24T16:00:00.275Z] ✓ Daemon alive — 4/24/2026, 12:00:00 PM ET
