[2026-04-18T18:34:37.340Z] 🚀 Content Curation Daemon starting...
[2026-04-18T18:34:37.347Z]    Schedule: Mon-Fri 9am ET (America/New_York timezone)
[2026-04-18T18:34:37.347Z]    Duration: 12 months (April 2026 - March 2027)
[2026-04-18T18:34:37.456Z] ✅ Daemon active. Scheduled tasks:
[2026-04-18T18:34:37.456Z]    • Curation: Mon-Fri 9am ET
[2026-04-18T18:34:37.457Z]    • Weekly report: Monday 8am ET
[2026-04-18T18:34:37.457Z]    • Healthcheck: Every hour
[2026-04-18T18:34:37.457Z] 
📊 Monitor: tail -f logs/curation-*.log
[2026-04-18T18:34:37.457Z] 🛑 Stop: Press Ctrl+C

[2026-04-18T18:34:37.458Z] ⚠️  Health server skipped (express not available)
[2026-04-18T18:36:10.789Z] 🚀 Content Curation Daemon starting...
[2026-04-18T18:36:10.795Z]    Schedule: Mon-Fri 9am ET (America/New_York timezone)
[2026-04-18T18:36:10.796Z]    Duration: 12 months (April 2026 - March 2027)
[2026-04-18T18:36:10.827Z] ✅ Daemon active. Scheduled tasks:
[2026-04-18T18:36:10.828Z]    • Curation: Mon-Fri 9am ET
[2026-04-18T18:36:10.828Z]    • Weekly report: Monday 8am ET
[2026-04-18T18:36:10.829Z]    • Healthcheck: Every hour
[2026-04-18T18:36:10.829Z] 
📊 Monitor: tail -f logs/curation-*.log
[2026-04-18T18:36:10.830Z] 🛑 Stop: Press Ctrl+C

[2026-04-18T18:36:10.831Z] ⚠️  Health server skipped (express not available)
